0 info it worked if it ends with ok
1 verbose cli [ 'node', '/usr/local/bin/npm', 'install', 'rdash-ui' ]
2 info using npm@2.14.2
3 info using node@v0.12.7
4 verbose node symlink /usr/local/bin/node
5 verbose install initial load of /Users/AK/Desktop/PROJECTS/86cup/package.json
6 warn package.json ng-todo@1.0.0 No description
7 warn package.json ng-todo@1.0.0 No repository field.
8 warn package.json ng-todo@1.0.0 No README data
9 verbose installManyTop reading scoped package data from /Users/AK/Desktop/PROJECTS/86cup/node_modules/bcrypt-nodejs/package.json
10 verbose installManyTop reading scoped package data from /Users/AK/Desktop/PROJECTS/86cup/node_modules/body-parser/package.json
11 verbose installManyTop reading scoped package data from /Users/AK/Desktop/PROJECTS/86cup/node_modules/express/package.json
12 verbose installManyTop reading scoped package data from /Users/AK/Desktop/PROJECTS/86cup/node_modules/jwt-simple/package.json
13 verbose installManyTop reading scoped package data from /Users/AK/Desktop/PROJECTS/86cup/node_modules/mongoose/package.json
14 verbose installManyTop reading scoped package data from /Users/AK/Desktop/PROJECTS/86cup/node_modules/q/package.json
15 verbose installManyTop reading scoped package data from /Users/AK/Desktop/PROJECTS/86cup/node_modules/underscore/package.json
16 info package.json bcrypt-nodejs@0.0.3 No license field.
17 info package.json q@1.4.1 license should be a valid SPDX license expression
18 verbose readDependencies loading dependencies from /Users/AK/Desktop/PROJECTS/86cup/package.json
19 silly cache add args [ 'rdash-ui', null ]
20 verbose cache add spec rdash-ui
21 silly cache add parsed spec { raw: 'rdash-ui',
21 silly cache add   scope: null,
21 silly cache add   name: 'rdash-ui',
21 silly cache add   rawSpec: '',
21 silly cache add   spec: '*',
21 silly cache add   type: 'range' }
22 silly addNamed rdash-ui@*
23 verbose addNamed "*" is a valid semver range for rdash-ui
24 silly addNameRange { name: 'rdash-ui', range: '*', hasData: false }
25 silly mapToRegistry name rdash-ui
26 silly mapToRegistry using default registry
27 silly mapToRegistry registry https://registry.npmjs.org/
28 silly mapToRegistry uri https://registry.npmjs.org/rdash-ui
29 verbose addNameRange registry:https://registry.npmjs.org/rdash-ui not in flight; fetching
30 verbose request uri https://registry.npmjs.org/rdash-ui
31 verbose request no auth needed
32 info attempt registry request try #1 at 18:49:02
33 verbose request id 70e32b00d70a422c
34 http request GET https://registry.npmjs.org/rdash-ui
35 http 404 https://registry.npmjs.org/rdash-ui
36 verbose headers { 'content-type': 'application/json',
36 verbose headers   'cache-control': 'max-age=0',
36 verbose headers   'content-length': '2',
36 verbose headers   'accept-ranges': 'bytes',
36 verbose headers   date: 'Tue, 13 Oct 2015 01:49:03 GMT',
36 verbose headers   via: '1.1 varnish',
36 verbose headers   age: '0',
36 verbose headers   connection: 'keep-alive',
36 verbose headers   'x-served-by': 'cache-lax1424-LAX',
36 verbose headers   'x-cache': 'MISS',
36 verbose headers   'x-cache-hits': '0',
36 verbose headers   'x-timer': 'S1444700942.975321,VS0,VE79' }
37 silly get cb [ 404,
37 silly get   { 'content-type': 'application/json',
37 silly get     'cache-control': 'max-age=0',
37 silly get     'content-length': '2',
37 silly get     'accept-ranges': 'bytes',
37 silly get     date: 'Tue, 13 Oct 2015 01:49:03 GMT',
37 silly get     via: '1.1 varnish',
37 silly get     age: '0',
37 silly get     connection: 'keep-alive',
37 silly get     'x-served-by': 'cache-lax1424-LAX',
37 silly get     'x-cache': 'MISS',
37 silly get     'x-cache-hits': '0',
37 silly get     'x-timer': 'S1444700942.975321,VS0,VE79' } ]
38 verbose stack Error: Registry returned 404 for GET on https://registry.npmjs.org/rdash-ui
38 verbose stack     at makeError (/usr/local/lib/node_modules/npm/node_modules/npm-registry-client/lib/request.js:263:12)
38 verbose stack     at CachingRegistryClient.<anonymous> (/usr/local/lib/node_modules/npm/node_modules/npm-registry-client/lib/request.js:241:14)
38 verbose stack     at Request._callback (/usr/local/lib/node_modules/npm/node_modules/npm-registry-client/lib/request.js:171:14)
38 verbose stack     at Request.self.callback (/usr/local/lib/node_modules/npm/node_modules/request/request.js:198:22)
38 verbose stack     at Request.emit (events.js:110:17)
38 verbose stack     at Request.<anonymous> (/usr/local/lib/node_modules/npm/node_modules/request/request.js:1073:14)
38 verbose stack     at Request.emit (events.js:129:20)
38 verbose stack     at IncomingMessage.<anonymous> (/usr/local/lib/node_modules/npm/node_modules/request/request.js:1019:12)
38 verbose stack     at IncomingMessage.emit (events.js:129:20)
38 verbose stack     at _stream_readable.js:908:16
39 verbose statusCode 404
40 verbose pkgid rdash-ui
41 verbose cwd /Users/AK/Desktop/PROJECTS/86cup
42 error Darwin 14.5.0
43 error argv "node" "/usr/local/bin/npm" "install" "rdash-ui"
44 error node v0.12.7
45 error npm  v2.14.2
46 error code E404
47 error 404 Registry returned 404 for GET on https://registry.npmjs.org/rdash-ui
47 error 404
47 error 404 'rdash-ui' is not in the npm registry.
47 error 404 You should bug the author to publish it (or use the name yourself!)
47 error 404 It was specified as a dependency of 'ng-todo'
47 error 404
47 error 404 Note that you can also install from a
47 error 404 tarball, folder, http url, or git url.
48 verbose exit [ 1, true ]
